<?xml version="1.0" encoding="UTF-8"?>
<testng-results ignored="0" total="1" passed="1" failed="0" skipped="0">
  <reporter-output>
  </reporter-output>
  <suite started-at="2024-02-07T06:48:02Z" name="Default suite" finished-at="2024-02-07T06:48:24Z" duration-ms="22217">
    <groups>
    </groups>
    <test started-at="2024-02-07T06:48:02Z" name="Default test" finished-at="2024-02-07T06:48:24Z" duration-ms="22217">
      <class name="com.vaccinefinder.tests.DownloadCertificateTest">
        <test-method is-config="true" signature="launchBrowser()[pri:0, instance:com.vaccinefinder.tests.DownloadCertificateTest@1b84f475]" started-at="2024-02-07T12:18:02Z" name="launchBrowser" finished-at="2024-02-07T12:18:08Z" duration-ms="6150" status="PASS">
          <reporter-output>
          </reporter-output>
        </test-method> <!-- launchBrowser -->
        <test-method signature="cancelDownloadCertifictePopUp()[pri:0, instance:com.vaccinefinder.tests.DownloadCertificateTest@1b84f475]" started-at="2024-02-07T12:18:08Z" name="cancelDownloadCertifictePopUp" finished-at="2024-02-07T12:18:24Z" duration-ms="16016" status="PASS">
          <reporter-output>
          </reporter-output>
        </test-method> <!-- cancelDownloadCertifictePopUp -->
        <test-method is-config="true" signature="closeBrowser()[pri:0, instance:com.vaccinefinder.tests.DownloadCertificateTest@1b84f475]" started-at="2024-02-07T12:18:24Z" name="closeBrowser" finished-at="2024-02-07T12:18:24Z" duration-ms="0" status="PASS">
          <reporter-output>
          </reporter-output>
        </test-method> <!-- closeBrowser -->
      </class> <!-- com.vaccinefinder.tests.DownloadCertificateTest -->
    </test> <!-- Default test -->
  </suite> <!-- Default suite -->
</testng-results>
